<?xml version="1.0" encoding="UTF-8"?>
<!-- Generated by org.testng.reporters.JUnitXMLReporter -->
<testsuite hostname="DESKTOP-A9DN365" ignored="0" name="Test-class test 1" tests="1" failures="0" timestamp="04 Sep 2021 03:16:21 GMT" time="0.081" errors="0">
  <testcase name="testMethodOne" time="0.01" classname="com.TestNG.concepts.TestNgParallelTestsuite"/>
</testsuite> <!-- Test-class test 1 -->
