<?xml version="1.0" encoding="UTF-8"?>
<!-- Generated by org.testng.reporters.JUnitReportReporter -->
<testsuite skipped="0" hostname="DESKTOP-A9DN365" name="com.TestNG.TestCases.TestNgClass3" tests="1" failures="0" timestamp="17 Aug 2021 02:22:51 GMT" time="1.645" errors="0">
  <testcase name="HandlingMouseActions" time="1.645" classname="com.TestNG.TestCases.TestNgClass3"/>
</testsuite> <!-- com.TestNG.TestCases.TestNgClass3 -->
