<?xml version="1.0" encoding="UTF-8"?>
<!-- Generated by org.testng.reporters.JUnitReportReporter -->
<testsuite skipped="0" hostname="DESKTOP-A9DN365" name="com.TestNG.concepts.TestNgParallelClass1" tests="2" failures="0" timestamp="04 Sep 2021 03:02:59 GMT" time="0.012" errors="0">
  <testcase name="testMethodOne" time="0.006" classname="com.TestNG.concepts.TestNgParallelClass1"/>
  <testcase name="testMethodTwo" time="0.006" classname="com.TestNG.concepts.TestNgParallelClass1"/>
</testsuite> <!-- com.TestNG.concepts.TestNgParallelClass1 -->
