<?xml version="1.0" encoding="UTF-8"?>
<!-- Generated by org.testng.reporters.JUnitReportReporter -->
<testsuite skipped="0" hostname="DESKTOP-A9DN365" name="com.TestNG.TestCases.TestNgClass4" tests="1" failures="0" timestamp="01 Sep 2021 02:33:52 GMT" time="15.830" errors="0">
  <testcase name="validateDataDriven" time="15.830" classname="com.TestNG.TestCases.TestNgClass4"/>
</testsuite> <!-- com.TestNG.TestCases.TestNgClass4 -->
