<?xml version="1.0" encoding="UTF-8"?>
<!-- Generated by org.testng.reporters.JUnitReportReporter -->
<testsuite skipped="0" hostname="DESKTOP-A9DN365" name="com.TestNG.concepts.TestNgLoadTesting" tests="16" failures="0" timestamp="04 Sep 2021 02:53:15 GMT" time="138.147" errors="0">
  <testcase name="testGoogleSearch" time="14.140" classname="com.TestNG.concepts.TestNgLoadTesting"/>
  <testcase name="test2" time="0.027" classname="com.TestNG.concepts.TestNgLoadTesting"/>
  <testcase name="testGoogleSearch" time="12.989" classname="com.TestNG.concepts.TestNgLoadTesting"/>
  <testcase name="testGoogleSearch" time="13.002" classname="com.TestNG.concepts.TestNgLoadTesting"/>
  <testcase name="testGoogleSearch" time="19.540" classname="com.TestNG.concepts.TestNgLoadTesting"/>
  <testcase name="test2" time="0.022" classname="com.TestNG.concepts.TestNgLoadTesting"/>
  <testcase name="testGoogleSearch" time="14.047" classname="com.TestNG.concepts.TestNgLoadTesting"/>
  <testcase name="testGoogleSearch" time="13.191" classname="com.TestNG.concepts.TestNgLoadTesting"/>
  <testcase name="testGoogleSearch" time="13.080" classname="com.TestNG.concepts.TestNgLoadTesting"/>
  <testcase name="test1" time="0.002" classname="com.TestNG.concepts.TestNgLoadTesting"/>
  <testcase name="testGoogleSearch" time="14.118" classname="com.TestNG.concepts.TestNgLoadTesting"/>
  <testcase name="test1" time="0.028" classname="com.TestNG.concepts.TestNgLoadTesting"/>
  <testcase name="test2" time="0.017" classname="com.TestNG.concepts.TestNgLoadTesting"/>
  <testcase name="testGoogleSearch" time="13.923" classname="com.TestNG.concepts.TestNgLoadTesting"/>
  <testcase name="testGoogleSearch" time="10.021" classname="com.TestNG.concepts.TestNgLoadTesting"/>
  <testcase name="test1" time="0.000" classname="com.TestNG.concepts.TestNgLoadTesting"/>
</testsuite> <!-- com.TestNG.concepts.TestNgLoadTesting -->
