<?xml version="1.0" encoding="UTF-8"?>
<!-- Generated by org.testng.reporters.JUnitReportReporter -->
<testsuite skipped="0" hostname="DESKTOP-A9DN365" name="com.TestNG.TestCases.TestNgClass4" tests="1" failures="0" timestamp="24 Aug 2021 02:36:02 GMT" time="39.181" errors="0">
  <testcase name="HandlingFileUpload" time="39.181" classname="com.TestNG.TestCases.TestNgClass4"/>
</testsuite> <!-- com.TestNG.TestCases.TestNgClass4 -->
