<?xml version="1.0" encoding="UTF-8"?>
<!-- Generated by org.testng.reporters.JUnitReportReporter -->
<testsuite skipped="0" hostname="DESKTOP-A9DN365" name="testNg.TestNgClass2" tests="1" failures="0" timestamp="12 Aug 2021 02:17:57 GMT" time="39.419" errors="0">
  <testcase name="HandlingFrames" time="39.419" classname="testNg.TestNgClass2"/>
</testsuite> <!-- testNg.TestNgClass2 -->
