<?xml version="1.0" encoding="UTF-8"?>
<!-- Generated by org.testng.reporters.JUnitReportReporter -->
<testsuite skipped="0" hostname="DESKTOP-A9DN365" name="com.TestNG.concepts.TestngParalletTestCases" tests="2" failures="0" timestamp="04 Sep 2021 03:10:02 GMT" time="0.055" errors="0">
  <testcase name="testMethodsTwo" time="0.021" classname="com.TestNG.concepts.TestngParalletTestCases"/>
  <testcase name="testMethodsOne" time="0.034" classname="com.TestNG.concepts.TestngParalletTestCases"/>
</testsuite> <!-- com.TestNG.concepts.TestngParalletTestCases -->
