<?xml version="1.0" encoding="UTF-8"?>
<!-- Generated by org.testng.reporters.JUnitReportReporter -->
<testsuite skipped="0" hostname="DESKTOP-A9DN365" name="com.TestNG.TestCases.TestNgClass4" tests="1" failures="0" timestamp="27 Aug 2021 02:23:31 GMT" time="6.433" errors="1">
  <testcase name="HandlingFrames" time="6.433" classname="com.TestNG.TestCases.TestNgClass4">
    <error type="org.openqa.selenium.WebDriverException" message="com.gargoylesoftware.htmlunit.ScriptException: Error: Bootstrap&#039;s JavaScript requires jQuery (http://maxcdn.bootstrapcdn.com/bootstrap/3.3.6/js/bootstrap.min.js#6)
Build info: version: &#039;3.141.59&#039;, revision: &#039;e82be7d358&#039;, time: &#039;2018-11-14T08:17:03&#039;
System info: host: &#039;DESKTOP-A9DN365&#039;, ip: &#039;192.168.1.5&#039;, os.name: &#039;Windows 10&#039;, os.arch: &#039;amd64&#039;, os.version: &#039;10.0&#039;, java.version: &#039;1.8.0_91&#039;
Driver info: driver.version: HtmlUnitDriver">
      <![CDATA[org.openqa.selenium.WebDriverException: com.gargoylesoftware.htmlunit.ScriptException: Error: Bootstrap's JavaScript requires jQuery (http://maxcdn.bootstrapcdn.com/bootstrap/3.3.6/js/bootstrap.min.js#6)
Build info: version: '3.141.59', revision: 'e82be7d358', time: '2018-11-14T08:17:03'
System info: host: 'DESKTOP-A9DN365', ip: '192.168.1.5', os.name: 'Windows 10', os.arch: 'amd64', os.version: '10.0', java.version: '1.8.0_91'
Driver info: driver.version: HtmlUnitDriver
at org.openqa.selenium.htmlunit.HtmlUnitDriver.get(HtmlUnitDriver.java:733)
at org.openqa.selenium.htmlunit.HtmlUnitDriver.lambda$get$8(HtmlUnitDriver.java:697)
at org.openqa.selenium.htmlunit.HtmlUnitDriver.lambda$runAsync$0(HtmlUnitDriver.java:438)
at java.util.concurrent.ThreadPoolExecutor.runWorker(ThreadPoolExecutor.java:1142)
at java.util.concurrent.ThreadPoolExecutor$Worker.run(ThreadPoolExecutor.java:617)
at java.lang.Thread.run(Thread.java:745)
Caused by: com.gargoylesoftware.htmlunit.ScriptException: Error: Bootstrap's JavaScript requires jQuery (http://maxcdn.bootstrapcdn.com/bootstrap/3.3.6/js/bootstrap.min.js#6)
at com.gargoylesoftware.htmlunit.javascript.JavaScriptEngine$HtmlUnitContextAction.run(JavaScriptEngine.java:954)
at net.sourceforge.htmlunit.corejs.javascript.Context.call(Context.java:580)
at net.sourceforge.htmlunit.corejs.javascript.ContextFactory.call(ContextFactory.java:481)
at com.gargoylesoftware.htmlunit.javascript.HtmlUnitContextFactory.callSecured(HtmlUnitContextFactory.java:352)
at com.gargoylesoftware.htmlunit.javascript.JavaScriptEngine.execute(JavaScriptEngine.java:834)
at com.gargoylesoftware.htmlunit.javascript.JavaScriptEngine.execute(JavaScriptEngine.java:810)
at com.gargoylesoftware.htmlunit.javascript.JavaScriptEngine.execute(JavaScriptEngine.java:112)
at com.gargoylesoftware.htmlunit.html.HtmlPage.loadExternalJavaScriptFile(HtmlPage.java:1022)
at com.gargoylesoftware.htmlunit.html.ScriptElementSupport.executeScriptIfNeeded(ScriptElementSupport.java:196)
at com.gargoylesoftware.htmlunit.html.ScriptElementSupport$1.execute(ScriptElementSupport.java:120)
at com.gargoylesoftware.htmlunit.html.ScriptElementSupport.onAllChildrenAddedToPage(ScriptElementSupport.java:143)
at com.gargoylesoftware.htmlunit.html.HtmlScript.onAllChildrenAddedToPage(HtmlScript.java:191)
at com.gargoylesoftware.htmlunit.html.parser.neko.HtmlUnitNekoDOMBuilder.endElement(HtmlUnitNekoDOMBuilder.java:551)
at org.apache.xerces.parsers.AbstractSAXParser.endElement(Unknown Source)
at com.gargoylesoftware.htmlunit.html.parser.neko.HtmlUnitNekoDOMBuilder.endElement(HtmlUnitNekoDOMBuilder.java:503)
at net.sourceforge.htmlunit.cyberneko.HTMLTagBalancer.callEndElement(HTMLTagBalancer.java:1216)
at net.sourceforge.htmlunit.cyberneko.HTMLTagBalancer.endElement(HTMLTagBalancer.java:1156)
at net.sourceforge.htmlunit.cyberneko.filters.DefaultFilter.endElement(DefaultFilter.java:219)
at net.sourceforge.htmlunit.cyberneko.filters.NamespaceBinder.endElement(NamespaceBinder.java:312)
at net.sourceforge.htmlunit.cyberneko.HTMLScanner$ContentScanner.scanEndElement(HTMLScanner.java:3189)
at net.sourceforge.htmlunit.cyberneko.HTMLScanner$ContentScanner.scan(HTMLScanner.java:2114)
at net.sourceforge.htmlunit.cyberneko.HTMLScanner.scanDocument(HTMLScanner.java:937)
at net.sourceforge.htmlunit.cyberneko.HTMLConfiguration.parse(HTMLConfiguration.java:443)
at net.sourceforge.htmlunit.cyberneko.HTMLConfiguration.parse(HTMLConfiguration.java:394)
at org.apache.xerces.parsers.XMLParser.parse(Unknown Source)
at com.gargoylesoftware.htmlunit.html.parser.neko.HtmlUnitNekoDOMBuilder.parse(HtmlUnitNekoDOMBuilder.java:751)
at com.gargoylesoftware.htmlunit.html.parser.neko.HtmlUnitNekoHtmlParser.parse(HtmlUnitNekoHtmlParser.java:208)
at com.gargoylesoftware.htmlunit.DefaultPageCreator.createHtmlPage(DefaultPageCreator.java:297)
at com.gargoylesoftware.htmlunit.DefaultPageCreator.createPage(DefaultPageCreator.java:217)
at com.gargoylesoftware.htmlunit.WebClient.loadWebResponseInto(WebClient.java:684)
at com.gargoylesoftware.htmlunit.WebClient.loadWebResponseInto(WebClient.java:586)
at com.gargoylesoftware.htmlunit.WebClient.getPage(WebClient.java:501)
at com.gargoylesoftware.htmlunit.WebClient.getPage(WebClient.java:413)
at com.gargoylesoftware.htmlunit.html.BaseFrameElement.loadInnerPageIfPossible(BaseFrameElement.java:202)
at com.gargoylesoftware.htmlunit.html.BaseFrameElement.loadInnerPage(BaseFrameElement.java:128)
at com.gargoylesoftware.htmlunit.html.HtmlPage.loadFrames(HtmlPage.java:1924)
at com.gargoylesoftware.htmlunit.html.HtmlPage.initialize(HtmlPage.java:263)
at com.gargoylesoftware.htmlunit.WebClient.loadWebResponseInto(WebClient.java:704)
at com.gargoylesoftware.htmlunit.WebClient.loadWebResponseInto(WebClient.java:586)
at com.gargoylesoftware.htmlunit.WebClient.getPage(WebClient.java:501)
at com.gargoylesoftware.htmlunit.WebClient.getPage(WebClient.java:413)
at org.openqa.selenium.htmlunit.HtmlUnitDriver.get(HtmlUnitDriver.java:715)
... 5 more
Caused by: net.sourceforge.htmlunit.corejs.javascript.JavaScriptException: Error: Bootstrap's JavaScript requires jQuery (http://maxcdn.bootstrapcdn.com/bootstrap/3.3.6/js/bootstrap.min.js#6)
at net.sourceforge.htmlunit.corejs.javascript.Interpreter.interpretLoop(Interpreter.java:1300)
at net.sourceforge.htmlunit.corejs.javascript.Interpreter.interpret(Interpreter.java:1053)
at net.sourceforge.htmlunit.corejs.javascript.InterpretedFunction.call(InterpretedFunction.java:111)
at net.sourceforge.htmlunit.corejs.javascript.ContextFactory.doTopCall(ContextFactory.java:389)
at com.gargoylesoftware.htmlunit.javascript.HtmlUnitContextFactory.doTopCall(HtmlUnitContextFactory.java:338)
at net.sourceforge.htmlunit.corejs.javascript.ScriptRuntime.doTopCall(ScriptRuntime.java:3907)
at net.sourceforge.htmlunit.corejs.javascript.InterpretedFunction.exec(InterpretedFunction.java:123)
at com.gargoylesoftware.htmlunit.javascript.JavaScriptEngine$2.doRun(JavaScriptEngine.java:825)
at com.gargoylesoftware.htmlunit.javascript.JavaScriptEngine$HtmlUnitContextAction.run(JavaScriptEngine.java:939)
... 46 more
]]>
    </error>
  </testcase> <!-- HandlingFrames -->
</testsuite> <!-- com.TestNG.TestCases.TestNgClass4 -->
