<?xml version="1.0" encoding="UTF-8"?>
<!-- Generated by org.testng.reporters.JUnitReportReporter -->
<testsuite skipped="0" hostname="DESKTOP-A9DN365" name="com.TestNG.TestCases.TestNgClass4" tests="1" failures="0" timestamp="31 Aug 2021 02:32:18 GMT" time="287.567" errors="0">
  <testcase name="ValidateFileDownLoad" time="287.567" classname="com.TestNG.TestCases.TestNgClass4"/>
</testsuite> <!-- com.TestNG.TestCases.TestNgClass4 -->
