<?xml version="1.0" encoding="UTF-8"?>
<!-- Generated by org.testng.reporters.JUnitReportReporter -->
<testsuite skipped="0" hostname="DESKTOP-A9DN365" name="com.TestNG.concepts.TestNgParallelTestsuite" tests="2" failures="0" timestamp="04 Sep 2021 03:16:21 GMT" time="0.019" errors="0">
  <testcase name="testMethodOne" time="0.010" classname="com.TestNG.concepts.TestNgParallelTestsuite"/>
  <testcase name="testMethodOne" time="0.009" classname="com.TestNG.concepts.TestNgParallelTestsuite"/>
</testsuite> <!-- com.TestNG.concepts.TestNgParallelTestsuite -->
