<?xml version="1.0" encoding="UTF-8"?>
<!-- Generated by org.testng.reporters.JUnitReportReporter -->
<testsuite skipped="0" hostname="DESKTOP-A9DN365" name="com.TestNG.concepts.TestNgFactory" tests="6" failures="0" timestamp="04 Sep 2021 02:41:12 GMT" time="0.026" errors="0">
  <testcase name="testcase2" time="0.001" classname="com.TestNG.concepts.TestNgFactory"/>
  <testcase name="testcase1" time="0.003" classname="com.TestNG.concepts.TestNgFactory"/>
  <testcase name="testcase3" time="0.002" classname="com.TestNG.concepts.TestNgFactory"/>
  <testcase name="testcase3" time="0.004" classname="com.TestNG.concepts.TestNgFactory"/>
  <testcase name="testcase1" time="0.015" classname="com.TestNG.concepts.TestNgFactory"/>
  <testcase name="testcase2" time="0.001" classname="com.TestNG.concepts.TestNgFactory"/>
</testsuite> <!-- com.TestNG.concepts.TestNgFactory -->
