<?xml version="1.0" encoding="UTF-8"?>
<!-- Generated by org.testng.reporters.JUnitReportReporter -->
<testsuite skipped="0" hostname="DESKTOP-A9DN365" name="com.TestNG.concepts.TestngGroups" tests="3" failures="0" timestamp="04 Sep 2021 03:26:51 GMT" time="0.023" errors="0">
  <testcase name="testMethodTwo" time="0.004" classname="com.TestNG.concepts.TestngGroups"/>
  <testcase name="testMethodThree" time="0.002" classname="com.TestNG.concepts.TestngGroups"/>
  <testcase name="testMethodFive" time="0.017" classname="com.TestNG.concepts.TestngGroups"/>
</testsuite> <!-- com.TestNG.concepts.TestngGroups -->
