<?xml version="1.0" encoding="UTF-8"?>
<!-- Generated by org.testng.reporters.JUnitReportReporter -->
<testsuite skipped="0" hostname="DESKTOP-A9DN365" name="com.TestNG.concepts.testNgDataProvider" tests="3" failures="0" timestamp="04 Sep 2021 02:32:53 GMT" time="0.015" errors="0">
  <testcase name="add" time="0.006" classname="com.TestNG.concepts.testNgDataProvider"/>
  <testcase name="add" time="0.002" classname="com.TestNG.concepts.testNgDataProvider"/>
  <testcase name="test2" time="0.007" classname="com.TestNG.concepts.testNgDataProvider"/>
</testsuite> <!-- com.TestNG.concepts.testNgDataProvider -->
