<?xml version="1.0" encoding="UTF-8"?>
<!-- Generated by org.testng.reporters.JUnitReportReporter -->
<testsuite skipped="0" hostname="DESKTOP-A9DN365" name="com.TestNG.concepts.TestngParamters" tests="2" failures="0" timestamp="04 Sep 2021 02:25:19 GMT" time="4.245" errors="0">
  <testcase name="FillLoginForm" time="0.008" classname="com.TestNG.concepts.TestngParamters"/>
  <testcase name="OpenBrowser" time="4.237" classname="com.TestNG.concepts.TestngParamters"/>
</testsuite> <!-- com.TestNG.concepts.TestngParamters -->
