<?xml version="1.0" encoding="UTF-8"?>
<!-- Generated by org.testng.reporters.JUnitReportReporter -->
<testsuite skipped="1" hostname="DESKTOP-A9DN365" name="testNg.TestNgClass1" tests="33" failures="0" timestamp="05 Aug 2021 02:34:36 GMT" time="0.115" errors="0">
  <testcase name="abcTestcase2" time="0.009" classname="testNg.TestNgClass1"/>
  <testcase name="abcdTestcase2" time="0.007" classname="testNg.TestNgClass1"/>
  <testcase name="abcdTestcase2" time="0.005" classname="testNg.TestNgClass1"/>
  <testcase name="abcdTestcase2" time="0.010" classname="testNg.TestNgClass1"/>
  <testcase name="abcTestcase2" time="0.003" classname="testNg.TestNgClass1"/>
  <testcase name="abcTestcase2" time="0.003" classname="testNg.TestNgClass1"/>
  <testcase name="abcTestcase2" time="0.005" classname="testNg.TestNgClass1"/>
  <testcase name="abcdTestcase2" time="0.002" classname="testNg.TestNgClass1"/>
  <testcase name="abcdTestcase2" time="0.002" classname="testNg.TestNgClass1"/>
  <testcase name="abcTestcase2" time="0.004" classname="testNg.TestNgClass1"/>
  <testcase name="abcdTestcase2" time="0.002" classname="testNg.TestNgClass1"/>
  <testcase name="abcdTestcase2" time="0.006" classname="testNg.TestNgClass1"/>
  <testcase name="abcdTestcase2" time="0.004" classname="testNg.TestNgClass1"/>
  <testcase name="abcTestcase2" time="0.002" classname="testNg.TestNgClass1"/>
  <testcase name="abcTestcase2" time="0.003" classname="testNg.TestNgClass1"/>
  <testcase name="abcTestcase2" time="0.001" classname="testNg.TestNgClass1"/>
  <testcase name="Testcase1" time="0.002" classname="testNg.TestNgClass1"/>
  <testcase name="Testcase3" time="0.004" classname="testNg.TestNgClass1"/>
  <testcase name="Testcase3" time="0.006" classname="testNg.TestNgClass1"/>
  <testcase name="Testcase3" time="0.001" classname="testNg.TestNgClass1"/>
  <testcase name="Testcase3" time="0.005" classname="testNg.TestNgClass1"/>
  <testcase name="Testcase3" time="0.001" classname="testNg.TestNgClass1"/>
  <testcase name="Testcase3" time="0.002" classname="testNg.TestNgClass1"/>
  <testcase name="Testcase3" time="0.003" classname="testNg.TestNgClass1"/>
  <testcase name="Testcase3" time="0.007" classname="testNg.TestNgClass1"/>
  <testcase name="Testcase3" time="0.001" classname="testNg.TestNgClass1"/>
  <testcase name="Testcase3" time="0.002" classname="testNg.TestNgClass1"/>
  <testcase name="Testcase3" time="0.002" classname="testNg.TestNgClass1"/>
  <testcase name="Testcase3" time="0.002" classname="testNg.TestNgClass1"/>
  <testcase name="Testcase3" time="0.002" classname="testNg.TestNgClass1"/>
  <testcase name="Testcase3" time="0.004" classname="testNg.TestNgClass1"/>
  <testcase name="Testcase3" time="0.003" classname="testNg.TestNgClass1"/>
  <testcase name="Testcase4" classname="testNg.TestNgClass1">
    <skipped/>
  </testcase> <!-- Testcase4 -->
</testsuite> <!-- testNg.TestNgClass1 -->
