<?xml version="1.0" encoding="UTF-8"?>
<!-- Generated by org.testng.reporters.JUnitReportReporter -->
<testsuite skipped="0" hostname="DESKTOP-A9DN365" name="com.TestNG.TestCases.TestNgClass4" tests="1" failures="0" timestamp="04 Sep 2021 01:53:29 GMT" time="65.492" errors="0">
  <testcase name="validateDataDriven" time="65.492" classname="com.TestNG.TestCases.TestNgClass4"/>
</testsuite> <!-- com.TestNG.TestCases.TestNgClass4 -->
